<?xml version="1.0" encoding="UTF-8" ?>
<testsuite tests="1" failures="0" name="com.jc.AppTest" time="0.008" errors="0" skipped="0">
  <properties>
    <property name="java.runtime.name" value="Java(TM) SE Runtime Environment"/>
    <property name="sun.boot.library.path" value="E:\Owner\HProgrames\Java_8\jdk1.8.0_261\jre\bin"/>
    <property name="java.vm.version" value="25.261-b12"/>
    <property name="java.vm.vendor" value="Oracle Corporation"/>
    <property name="maven.multiModuleProjectDirectory" value="E:\Owner\HWorkspace\hibpra"/>
    <property name="java.vendor.url" value="http://java.oracle.com/"/>
    <property name="path.separator" value=";"/>
    <property name="guice.disable.misplaced.annotation.check" value="true"/>
    <property name="java.vm.name" value="Java HotSpot(TM) 64-Bit Server VM"/>
    <property name="file.encoding.pkg" value="sun.io"/>
    <property name="user.script" value=""/>
    <property name="user.country" value="IN"/>
    <property name="sun.java.launcher" value="SUN_STANDARD"/>
    <property name="sun.os.patch.level" value=""/>
    <property name="java.vm.specification.name" value="Java Virtual Machine Specification"/>
    <property name="user.dir" value="E:\Owner\HWorkspace\hibpra"/>
    <property name="java.runtime.version" value="1.8.0_261-b12"/>
    <property name="java.awt.graphicsenv" value="sun.awt.Win32GraphicsEnvironment"/>
    <property name="java.endorsed.dirs" value="E:\Owner\HProgrames\Java_8\jdk1.8.0_261\jre\lib\endorsed"/>
    <property name="os.arch" value="amd64"/>
    <property name="java.io.tmpdir" value="C:\Users\HARIKR~1.L\AppData\Local\Temp\"/>
    <property name="line.separator" value="
"/>
    <property name="java.vm.specification.vendor" value="Oracle Corporation"/>
    <property name="user.variant" value=""/>
    <property name="os.name" value="Windows 10"/>
    <property name="classworlds.conf" value="E:\Owner\HWorkspace\.metadata\.plugins\org.eclipse.m2e.launching\launches\m2conf5947029242725709743.tmp"/>
    <property name="sun.jnu.encoding" value="Cp1252"/>
    <property name="java.library.path" value="E:\Owner\HProgrames\Java_8\jdk1.8.0_261\bin;C:\WINDOWS\Sun\Java\bin;C:\WINDOWS\system32;C:\WINDOWS;E:/Owner/HProgrames/Java_8/jdk1.8.0_261/bin/../jre/bin/server;E:/Owner/HProgrames/Java_8/jdk1.8.0_261/bin/../jre/bin;E:/Owner/HProgrames/Java_8/jdk1.8.0_261/bin/../jre/lib/amd64;C:\WINDOWS\system32;C:\WINDOWS;C:\WINDOWS\System32\Wbem;C:\WINDOWS\System32\WindowsPowerShell\v1.0\;C:\WINDOWS\System32\OpenSSH\;C:\Program Files (x86)\CrSSL\bin;E:\Owner\HProgrames\Java_8\jdk1.8.0_261\bin;E:\Owner\HProgrames\maven\bin;E:\Owner\HProgrames\allure-2.7.0\bin;E:\Owner\HProgrames\neo4j-community-3.5.21\bin;C:\Program Files\MySQL\MySQL Shell 8.0\bin\;C:\Users\Harikrishna.l\AppData\Local\Microsoft\WindowsApps;;C:\Users\Harikrishna.l\Desktop;;."/>
    <property name="java.specification.name" value="Java Platform API Specification"/>
    <property name="java.class.version" value="52.0"/>
    <property name="sun.management.compiler" value="HotSpot 64-Bit Tiered Compilers"/>
    <property name="os.version" value="10.0"/>
    <property name="user.home" value="C:\Users\Harikrishna.l"/>
    <property name="user.timezone" value="Asia/Calcutta"/>
    <property name="java.awt.printerjob" value="sun.awt.windows.WPrinterJob"/>
    <property name="java.specification.version" value="1.8"/>
    <property name="file.encoding" value="Cp1252"/>
    <property name="user.name" value="Harikrishna.L"/>
    <property name="java.class.path" value="C:\Users\Harikrishna.l\.p2\pool\plugins\org.eclipse.m2e.maven.runtime_1.16.0.20200610-1735\jars\plexus-classworlds-2.6.0.jar"/>
    <property name="java.vm.specification.version" value="1.8"/>
    <property name="sun.arch.data.model" value="64"/>
    <property name="java.home" value="E:\Owner\HProgrames\Java_8\jdk1.8.0_261\jre"/>
    <property name="sun.java.command" value="org.codehaus.plexus.classworlds.launcher.Launcher -B -s E:\Owner\HProgrames\maven\conf\settings.xml install"/>
    <property name="java.specification.vendor" value="Oracle Corporation"/>
    <property name="user.language" value="en"/>
    <property name="awt.toolkit" value="sun.awt.windows.WToolkit"/>
    <property name="java.vm.info" value="mixed mode"/>
    <property name="java.version" value="1.8.0_261"/>
    <property name="java.ext.dirs" value="E:\Owner\HProgrames\Java_8\jdk1.8.0_261\jre\lib\ext;C:\WINDOWS\Sun\Java\lib\ext"/>
    <property name="sun.boot.class.path" value="E:\Owner\HProgrames\Java_8\jdk1.8.0_261\jre\lib\resources.jar;E:\Owner\HProgrames\Java_8\jdk1.8.0_261\jre\lib\rt.jar;E:\Owner\HProgrames\Java_8\jdk1.8.0_261\jre\lib\sunrsasign.jar;E:\Owner\HProgrames\Java_8\jdk1.8.0_261\jre\lib\jsse.jar;E:\Owner\HProgrames\Java_8\jdk1.8.0_261\jre\lib\jce.jar;E:\Owner\HProgrames\Java_8\jdk1.8.0_261\jre\lib\charsets.jar;E:\Owner\HProgrames\Java_8\jdk1.8.0_261\jre\lib\jfr.jar;E:\Owner\HProgrames\Java_8\jdk1.8.0_261\jre\classes"/>
    <property name="java.vendor" value="Oracle Corporation"/>
    <property name="maven.home" value="E:\Owner\HWorkspace\hibpra\EMBEDDED"/>
    <property name="file.separator" value="\"/>
    <property name="java.vendor.url.bug" value="http://bugreport.sun.com/bugreport/"/>
    <property name="sun.cpu.endian" value="little"/>
    <property name="sun.io.unicode.encoding" value="UnicodeLittle"/>
    <property name="sun.desktop" value="windows"/>
    <property name="sun.cpu.isalist" value="amd64"/>
  </properties>
  <testcase classname="com.jc.AppTest" name="testApp" time="0.008"/>
</testsuite>